Info 0    [13:51:42.608] Starting TS Server
Info 1    [13:51:42.608] Version: 4.7.3
Info 2    [13:51:42.608] Arguments: /home/askee/.nvm/versions/node/v16.13.0/bin/node /home/askee/web-projects/ecommerce-project/apps/admin-dashboard/node_modules/typescript/lib/tsserver.js --logFile /home/askee/web-projects/ecommerce-project/.log/tsserver.log --logVerbosity info --cancellationPipeName /tmp/3c1f75ce99c553b47d0b2c6a9506a965/tscancellation*
Info 3    [13:51:42.608] Platform: linux NodeVersion: 16 CaseSensitive: true
Info 4    [13:51:42.608] ServerMode: undefined syntaxOnly: false hasUnknownServerMode: undefined
Info 5    [13:51:42.618] Format host information updated
Info 6    [13:51:42.624] Search path: /home/askee/web-projects/ecommerce-project/apps/admin-dashboard/pages
Info 7    [13:51:42.625] For info: /home/askee/web-projects/ecommerce-project/apps/admin-dashboard/pages/signin.tsx :: Config file name: /home/askee/web-projects/ecommerce-project/apps/admin-dashboard/tsconfig.json
Info 8    [13:51:42.625] Creating configuration project /home/askee/web-projects/ecommerce-project/apps/admin-dashboard/tsconfig.json
Info 9    [13:51:42.647] Config: /home/askee/web-projects/ecommerce-project/apps/admin-dashboard/tsconfig.json : {
 "rootNames": [
  "/home/askee/web-projects/ecommerce-project/apps/admin-dashboard/next-env.d.ts",
  "/home/askee/web-projects/ecommerce-project/apps/admin-dashboard/components/molecules/Sidebar/SidebarStore.ts",
  "/home/askee/web-projects/ecommerce-project/apps/admin-dashboard/theming/theme.ts",
  "/home/askee/web-projects/ecommerce-project/apps/admin-dashboard/components/atoms/CustomInput.tsx",
  "/home/askee/web-projects/ecommerce-project/apps/admin-dashboard/components/atoms/index.tsx",
  "/home/askee/web-projects/ecommerce-project/apps/admin-dashboard/components/atoms/Icons/ChakraIcon.tsx",
  "/home/askee/web-projects/ecommerce-project/apps/admin-dashboard/components/forms/Signin.tsx",
  "/home/askee/web-projects/ecommerce-project/apps/admin-dashboard/components/layouts/AuthLayout.tsx",
  "/home/askee/web-projects/ecommerce-project/apps/admin-dashboard/components/layouts/NoAuthLayout.tsx",
  "/home/askee/web-projects/ecommerce-project/apps/admin-dashboard/components/layouts/index.tsx",
  "/home/askee/web-projects/ecommerce-project/apps/admin-dashboard/components/molecules/Footer.tsx",
  "/home/askee/web-projects/ecommerce-project/apps/admin-dashboard/components/molecules/InputWLabel.tsx",
  "/home/askee/web-projects/ecommerce-project/apps/admin-dashboard/components/molecules/Navbar.tsx",
  "/home/askee/web-projects/ecommerce-project/apps/admin-dashboard/components/molecules/NavigationIcon.tsx",
  "/home/askee/web-projects/ecommerce-project/apps/admin-dashboard/components/molecules/index.tsx",
  "/home/askee/web-projects/ecommerce-project/apps/admin-dashboard/components/molecules/Sidebar/index.tsx",
  "/home/askee/web-projects/ecommerce-project/apps/admin-dashboard/pages/_app.tsx",
  "/home/askee/web-projects/ecommerce-project/apps/admin-dashboard/pages/_document.tsx",
  "/home/askee/web-projects/ecommerce-project/apps/admin-dashboard/pages/index.tsx",
  "/home/askee/web-projects/ecommerce-project/apps/admin-dashboard/pages/signin.tsx",
  "/home/askee/web-projects/ecommerce-project/apps/admin-dashboard/pages/signup.tsx",
  "/home/askee/web-projects/ecommerce-project/apps/admin-dashboard/pages/api/hello.tsx"
 ],
 "options": {
  "target": 1,
  "lib": [
   "lib.dom.d.ts",
   "lib.dom.iterable.d.ts",
   "lib.esnext.d.ts"
  ],
  "allowJs": true,
  "skipLibCheck": true,
  "strict": false,
  "forceConsistentCasingInFileNames": true,
  "noEmit": true,
  "incremental": true,
  "esModuleInterop": true,
  "module": 99,
  "isolatedModules": true,
  "jsx": 1,
  "resolveJsonModule": true,
  "moduleResolution": 2,
  "configFilePath": "/home/askee/web-projects/ecommerce-project/apps/admin-dashboard/tsconfig.json"
 }
}
Info 10   [13:51:42.783] Starting updateGraphWorker: Project: /home/askee/web-projects/ecommerce-project/apps/admin-dashboard/tsconfig.json
Info 11   [13:51:44.935] Finishing updateGraphWorker: Project: /home/askee/web-projects/ecommerce-project/apps/admin-dashboard/tsconfig.json Version: 1 structureChanged: true structureIsReused:: Not Elapsed: 2151.8408749997616ms
Info 12   [13:51:44.935] Project '/home/askee/web-projects/ecommerce-project/apps/admin-dashboard/tsconfig.json' (Configured)
Info 13   [13:51:44.935] 	Files (862)

Info 14   [13:51:44.935] -----------------------------------------------
Info 15   [13:51:44.946] AutoImportProviderProject: found 4 root files in 4 dependencies in 7.807340003550053 ms
Info 16   [13:51:44.947] Starting updateGraphWorker: Project: /dev/null/autoImportProviderProject1*
Info 17   [13:51:45.181] Finishing updateGraphWorker: Project: /dev/null/autoImportProviderProject1* Version: 1 structureChanged: true structureIsReused:: Not Elapsed: 233.5359010025859ms
Info 18   [13:51:45.181] Project '/dev/null/autoImportProviderProject1*' (AutoImportProvider)
Info 19   [13:51:45.181] 	Files (557)

Info 20   [13:51:45.181] -----------------------------------------------
Info 21   [13:51:45.224] Starting updateGraphWorker: Project: /home/askee/web-projects/ecommerce-project/apps/admin-dashboard/tsconfig.json
Info 22   [13:51:45.243] Finishing updateGraphWorker: Project: /home/askee/web-projects/ecommerce-project/apps/admin-dashboard/tsconfig.json Version: 2 structureChanged: false structureIsReused:: Completely Elapsed: 18.285873003304005ms
Info 23   [13:51:45.243] Different program with same set of files
Info 24   [13:51:47.073] Starting updateGraphWorker: Project: /home/askee/web-projects/ecommerce-project/apps/admin-dashboard/tsconfig.json
Info 25   [13:51:47.090] Finishing updateGraphWorker: Project: /home/askee/web-projects/ecommerce-project/apps/admin-dashboard/tsconfig.json Version: 3 structureChanged: false structureIsReused:: Completely Elapsed: 16.812725998461246ms
Info 26   [13:51:47.090] Different program with same set of files
Info 27   [13:51:48.159] Starting updateGraphWorker: Project: /home/askee/web-projects/ecommerce-project/apps/admin-dashboard/tsconfig.json
Info 28   [13:51:48.176] Finishing updateGraphWorker: Project: /home/askee/web-projects/ecommerce-project/apps/admin-dashboard/tsconfig.json Version: 4 structureChanged: false structureIsReused:: Completely Elapsed: 16.736111000180244ms
Info 29   [13:51:48.176] Different program with same set of files
Info 30   [13:53:25.377] FileWatcher:: Triggered with /home/askee/web-projects/ecommerce-project/apps/admin-dashboard/components/molecules/InputWLabel.tsx 1:: WatchInfo: /home/askee/web-projects/ecommerce-project/apps/admin-dashboard/components/molecules/InputWLabel.tsx 500 undefined WatchType: Closed Script info
Info 31   [13:53:25.379] Elapsed:: 1.160192996263504ms FileWatcher:: Triggered with /home/askee/web-projects/ecommerce-project/apps/admin-dashboard/components/molecules/InputWLabel.tsx 1:: WatchInfo: /home/askee/web-projects/ecommerce-project/apps/admin-dashboard/components/molecules/InputWLabel.tsx 500 undefined WatchType: Closed Script info
Info 32   [13:53:25.629] Starting updateGraphWorker: Project: /home/askee/web-projects/ecommerce-project/apps/admin-dashboard/tsconfig.json
Info 33   [13:53:25.668] Finishing updateGraphWorker: Project: /home/askee/web-projects/ecommerce-project/apps/admin-dashboard/tsconfig.json Version: 5 structureChanged: false structureIsReused:: Completely Elapsed: 39.251580998301506ms
Info 34   [13:53:25.668] Different program with same set of files
Info 35   [13:53:27.380] FileWatcher:: Triggered with /home/askee/web-projects/ecommerce-project/apps/admin-dashboard/components/molecules/InputWLabel.tsx 1:: WatchInfo: /home/askee/web-projects/ecommerce-project/apps/admin-dashboard/components/molecules/InputWLabel.tsx 500 undefined WatchType: Closed Script info
Info 36   [13:53:27.381] Elapsed:: 0.990898996591568ms FileWatcher:: Triggered with /home/askee/web-projects/ecommerce-project/apps/admin-dashboard/components/molecules/InputWLabel.tsx 1:: WatchInfo: /home/askee/web-projects/ecommerce-project/apps/admin-dashboard/components/molecules/InputWLabel.tsx 500 undefined WatchType: Closed Script info
Info 37   [13:53:27.630] Starting updateGraphWorker: Project: /home/askee/web-projects/ecommerce-project/apps/admin-dashboard/tsconfig.json
Info 38   [13:53:27.664] Finishing updateGraphWorker: Project: /home/askee/web-projects/ecommerce-project/apps/admin-dashboard/tsconfig.json Version: 6 structureChanged: false structureIsReused:: Completely Elapsed: 33.72222499549389ms
Info 39   [13:53:27.664] Different program with same set of files
Info 40   [13:53:29.882] Before ensureProjectForOpenFiles:
Info 41   [13:53:29.882] After ensureProjectForOpenFiles:
Info 42   [13:53:29.883] got projects updated in background, updating diagnostics for /home/askee/web-projects/ecommerce-project/apps/admin-dashboard/pages/signin.tsx
Info 43   [13:53:53.397] FileWatcher:: Triggered with /home/askee/web-projects/ecommerce-project/apps/admin-dashboard/components/molecules/InputWLabel.tsx 1:: WatchInfo: /home/askee/web-projects/ecommerce-project/apps/admin-dashboard/components/molecules/InputWLabel.tsx 500 undefined WatchType: Closed Script info
Info 44   [13:53:53.398] Elapsed:: 0.1261330023407936ms FileWatcher:: Triggered with /home/askee/web-projects/ecommerce-project/apps/admin-dashboard/components/molecules/InputWLabel.tsx 1:: WatchInfo: /home/askee/web-projects/ecommerce-project/apps/admin-dashboard/components/molecules/InputWLabel.tsx 500 undefined WatchType: Closed Script info
Info 45   [13:53:53.649] Starting updateGraphWorker: Project: /home/askee/web-projects/ecommerce-project/apps/admin-dashboard/tsconfig.json
Info 46   [13:53:53.675] Finishing updateGraphWorker: Project: /home/askee/web-projects/ecommerce-project/apps/admin-dashboard/tsconfig.json Version: 7 structureChanged: false structureIsReused:: Completely Elapsed: 25.93436800688505ms
Info 47   [13:53:53.675] Different program with same set of files
Info 48   [13:53:55.899] Before ensureProjectForOpenFiles:
Info 49   [13:53:55.899] After ensureProjectForOpenFiles:
Info 50   [13:53:55.899] got projects updated in background, updating diagnostics for /home/askee/web-projects/ecommerce-project/apps/admin-dashboard/pages/signin.tsx
Info 51   [13:54:19.411] FileWatcher:: Triggered with /home/askee/web-projects/ecommerce-project/apps/admin-dashboard/components/molecules/InputWLabel.tsx 1:: WatchInfo: /home/askee/web-projects/ecommerce-project/apps/admin-dashboard/components/molecules/InputWLabel.tsx 500 undefined WatchType: Closed Script info
Info 52   [13:54:19.411] Elapsed:: 0.27628999948501587ms FileWatcher:: Triggered with /home/askee/web-projects/ecommerce-project/apps/admin-dashboard/components/molecules/InputWLabel.tsx 1:: WatchInfo: /home/askee/web-projects/ecommerce-project/apps/admin-dashboard/components/molecules/InputWLabel.tsx 500 undefined WatchType: Closed Script info
Info 53   [13:54:19.661] Starting updateGraphWorker: Project: /home/askee/web-projects/ecommerce-project/apps/admin-dashboard/tsconfig.json
Info 54   [13:54:19.690] Finishing updateGraphWorker: Project: /home/askee/web-projects/ecommerce-project/apps/admin-dashboard/tsconfig.json Version: 8 structureChanged: false structureIsReused:: Completely Elapsed: 28.058791004121304ms
Info 55   [13:54:19.690] Different program with same set of files
Info 56   [13:54:21.912] Before ensureProjectForOpenFiles:
Info 57   [13:54:21.912] After ensureProjectForOpenFiles:
Info 58   [13:54:21.912] got projects updated in background, updating diagnostics for /home/askee/web-projects/ecommerce-project/apps/admin-dashboard/pages/signin.tsx
Info 59   [13:54:25.413] FileWatcher:: Triggered with /home/askee/web-projects/ecommerce-project/apps/admin-dashboard/components/molecules/InputWLabel.tsx 1:: WatchInfo: /home/askee/web-projects/ecommerce-project/apps/admin-dashboard/components/molecules/InputWLabel.tsx 500 undefined WatchType: Closed Script info
Info 60   [13:54:25.414] Elapsed:: 0.09882400184869766ms FileWatcher:: Triggered with /home/askee/web-projects/ecommerce-project/apps/admin-dashboard/components/molecules/InputWLabel.tsx 1:: WatchInfo: /home/askee/web-projects/ecommerce-project/apps/admin-dashboard/components/molecules/InputWLabel.tsx 500 undefined WatchType: Closed Script info
Info 61   [13:54:25.664] Starting updateGraphWorker: Project: /home/askee/web-projects/ecommerce-project/apps/admin-dashboard/tsconfig.json
Info 62   [13:54:25.680] Finishing updateGraphWorker: Project: /home/askee/web-projects/ecommerce-project/apps/admin-dashboard/tsconfig.json Version: 9 structureChanged: false structureIsReused:: Completely Elapsed: 16.36745399981737ms
Info 63   [13:54:25.680] Different program with same set of files
Info 64   [13:54:27.914] Before ensureProjectForOpenFiles:
Info 65   [13:54:27.914] After ensureProjectForOpenFiles:
Info 66   [13:54:27.914] got projects updated in background, updating diagnostics for /home/askee/web-projects/ecommerce-project/apps/admin-dashboard/pages/signin.tsx
Info 67   [13:54:51.426] FileWatcher:: Triggered with /home/askee/web-projects/ecommerce-project/apps/admin-dashboard/components/molecules/InputWLabel.tsx 1:: WatchInfo: /home/askee/web-projects/ecommerce-project/apps/admin-dashboard/components/molecules/InputWLabel.tsx 500 undefined WatchType: Closed Script info
Info 68   [13:54:51.426] Elapsed:: 0.13262800127267838ms FileWatcher:: Triggered with /home/askee/web-projects/ecommerce-project/apps/admin-dashboard/components/molecules/InputWLabel.tsx 1:: WatchInfo: /home/askee/web-projects/ecommerce-project/apps/admin-dashboard/components/molecules/InputWLabel.tsx 500 undefined WatchType: Closed Script info
Info 69   [13:54:51.676] Starting updateGraphWorker: Project: /home/askee/web-projects/ecommerce-project/apps/admin-dashboard/tsconfig.json
Info 70   [13:54:51.702] Finishing updateGraphWorker: Project: /home/askee/web-projects/ecommerce-project/apps/admin-dashboard/tsconfig.json Version: 10 structureChanged: false structureIsReused:: Completely Elapsed: 25.442704997956753ms
Info 71   [13:54:51.702] Different program with same set of files
Info 72   [13:54:53.927] Before ensureProjectForOpenFiles:
Info 73   [13:54:53.927] After ensureProjectForOpenFiles:
Info 74   [13:54:53.927] got projects updated in background, updating diagnostics for /home/askee/web-projects/ecommerce-project/apps/admin-dashboard/pages/signin.tsx
Info 75   [13:55:13.436] FileWatcher:: Triggered with /home/askee/web-projects/ecommerce-project/apps/admin-dashboard/components/molecules/InputWLabel.tsx 1:: WatchInfo: /home/askee/web-projects/ecommerce-project/apps/admin-dashboard/components/molecules/InputWLabel.tsx 500 undefined WatchType: Closed Script info
Info 76   [13:55:13.436] Elapsed:: 0.06530100107192993ms FileWatcher:: Triggered with /home/askee/web-projects/ecommerce-project/apps/admin-dashboard/components/molecules/InputWLabel.tsx 1:: WatchInfo: /home/askee/web-projects/ecommerce-project/apps/admin-dashboard/components/molecules/InputWLabel.tsx 500 undefined WatchType: Closed Script info
Info 77   [13:55:13.687] Starting updateGraphWorker: Project: /home/askee/web-projects/ecommerce-project/apps/admin-dashboard/tsconfig.json
Info 78   [13:55:13.702] Finishing updateGraphWorker: Project: /home/askee/web-projects/ecommerce-project/apps/admin-dashboard/tsconfig.json Version: 11 structureChanged: false structureIsReused:: Completely Elapsed: 15.004729002714157ms
Info 79   [13:55:13.702] Different program with same set of files
Info 80   [13:55:15.937] Before ensureProjectForOpenFiles:
Info 81   [13:55:15.937] After ensureProjectForOpenFiles:
Info 82   [13:55:15.937] got projects updated in background, updating diagnostics for /home/askee/web-projects/ecommerce-project/apps/admin-dashboard/pages/signin.tsx
Info 83   [13:55:31.443] FileWatcher:: Triggered with /home/askee/web-projects/ecommerce-project/apps/admin-dashboard/components/molecules/InputWLabel.tsx 1:: WatchInfo: /home/askee/web-projects/ecommerce-project/apps/admin-dashboard/components/molecules/InputWLabel.tsx 500 undefined WatchType: Closed Script info
Info 84   [13:55:31.443] Elapsed:: 0.23173200339078903ms FileWatcher:: Triggered with /home/askee/web-projects/ecommerce-project/apps/admin-dashboard/components/molecules/InputWLabel.tsx 1:: WatchInfo: /home/askee/web-projects/ecommerce-project/apps/admin-dashboard/components/molecules/InputWLabel.tsx 500 undefined WatchType: Closed Script info
Info 85   [13:55:31.694] Starting updateGraphWorker: Project: /home/askee/web-projects/ecommerce-project/apps/admin-dashboard/tsconfig.json
Info 86   [13:55:31.714] Finishing updateGraphWorker: Project: /home/askee/web-projects/ecommerce-project/apps/admin-dashboard/tsconfig.json Version: 12 structureChanged: false structureIsReused:: Completely Elapsed: 20.18733600527048ms
Info 87   [13:55:31.714] Different program with same set of files
Info 88   [13:55:33.944] Before ensureProjectForOpenFiles:
Info 89   [13:55:33.944] After ensureProjectForOpenFiles:
Info 90   [13:55:33.944] got projects updated in background, updating diagnostics for /home/askee/web-projects/ecommerce-project/apps/admin-dashboard/pages/signin.tsx
Info 91   [13:55:39.448] FileWatcher:: Triggered with /home/askee/web-projects/ecommerce-project/apps/admin-dashboard/components/molecules/InputWLabel.tsx 1:: WatchInfo: /home/askee/web-projects/ecommerce-project/apps/admin-dashboard/components/molecules/InputWLabel.tsx 500 undefined WatchType: Closed Script info
Info 92   [13:55:39.449] Elapsed:: 0.5537669956684113ms FileWatcher:: Triggered with /home/askee/web-projects/ecommerce-project/apps/admin-dashboard/components/molecules/InputWLabel.tsx 1:: WatchInfo: /home/askee/web-projects/ecommerce-project/apps/admin-dashboard/components/molecules/InputWLabel.tsx 500 undefined WatchType: Closed Script info
Info 93   [13:55:39.699] Starting updateGraphWorker: Project: /home/askee/web-projects/ecommerce-project/apps/admin-dashboard/tsconfig.json
Info 94   [13:55:39.734] Finishing updateGraphWorker: Project: /home/askee/web-projects/ecommerce-project/apps/admin-dashboard/tsconfig.json Version: 13 structureChanged: false structureIsReused:: Completely Elapsed: 35.13270600140095ms
Info 95   [13:55:39.734] Different program with same set of files
Info 96   [13:55:41.950] Before ensureProjectForOpenFiles:
Info 97   [13:55:41.950] After ensureProjectForOpenFiles:
Info 98   [13:55:41.950] got projects updated in background, updating diagnostics for /home/askee/web-projects/ecommerce-project/apps/admin-dashboard/pages/signin.tsx
Info 99   [13:56:05.457] FileWatcher:: Triggered with /home/askee/web-projects/ecommerce-project/apps/admin-dashboard/components/molecules/InputWLabel.tsx 1:: WatchInfo: /home/askee/web-projects/ecommerce-project/apps/admin-dashboard/components/molecules/InputWLabel.tsx 500 undefined WatchType: Closed Script info
Info 100  [13:56:05.457] Elapsed:: 0.09833600372076035ms FileWatcher:: Triggered with /home/askee/web-projects/ecommerce-project/apps/admin-dashboard/components/molecules/InputWLabel.tsx 1:: WatchInfo: /home/askee/web-projects/ecommerce-project/apps/admin-dashboard/components/molecules/InputWLabel.tsx 500 undefined WatchType: Closed Script info
Info 101  [13:56:05.708] Starting updateGraphWorker: Project: /home/askee/web-projects/ecommerce-project/apps/admin-dashboard/tsconfig.json
Info 102  [13:56:05.741] Finishing updateGraphWorker: Project: /home/askee/web-projects/ecommerce-project/apps/admin-dashboard/tsconfig.json Version: 14 structureChanged: false structureIsReused:: Completely Elapsed: 33.21544399857521ms
Info 103  [13:56:05.741] Different program with same set of files
Info 104  [13:56:07.957] Before ensureProjectForOpenFiles:
Info 105  [13:56:07.957] After ensureProjectForOpenFiles:
Info 106  [13:56:07.958] got projects updated in background, updating diagnostics for /home/askee/web-projects/ecommerce-project/apps/admin-dashboard/pages/signin.tsx
Info 107  [13:56:11.460] FileWatcher:: Triggered with /home/askee/web-projects/ecommerce-project/apps/admin-dashboard/components/molecules/InputWLabel.tsx 1:: WatchInfo: /home/askee/web-projects/ecommerce-project/apps/admin-dashboard/components/molecules/InputWLabel.tsx 500 undefined WatchType: Closed Script info
Info 108  [13:56:11.460] Elapsed:: 0.21531900018453598ms FileWatcher:: Triggered with /home/askee/web-projects/ecommerce-project/apps/admin-dashboard/components/molecules/InputWLabel.tsx 1:: WatchInfo: /home/askee/web-projects/ecommerce-project/apps/admin-dashboard/components/molecules/InputWLabel.tsx 500 undefined WatchType: Closed Script info
Info 109  [13:56:11.710] Starting updateGraphWorker: Project: /home/askee/web-projects/ecommerce-project/apps/admin-dashboard/tsconfig.json
Info 110  [13:56:11.725] Finishing updateGraphWorker: Project: /home/askee/web-projects/ecommerce-project/apps/admin-dashboard/tsconfig.json Version: 15 structureChanged: false structureIsReused:: Completely Elapsed: 14.432530999183655ms
Info 111  [13:56:11.725] Different program with same set of files
Info 112  [13:56:13.961] Before ensureProjectForOpenFiles:
Info 113  [13:56:13.961] After ensureProjectForOpenFiles:
Info 114  [13:56:13.961] got projects updated in background, updating diagnostics for /home/askee/web-projects/ecommerce-project/apps/admin-dashboard/pages/signin.tsx
